2026-03-02T20:14:01.840672Z  INFO telemetry: job_telemetry_init artifact_type=installed branch=602090a271c ci_number=20260223.1 ci_name=CommonRuntime-RuntimeTeam-Linux-Prod-Build build_time=2026-02-23 21:38:43.578931
2026-03-02T20:14:01.840877Z  INFO load_config_from_env: lifecycler::config: Resolved grpc addresses lifecycler_address=/mnt/azureml/cr/j/796fa47508a846b8ac5459487410f0eb/.grpc/lifecycler:0 executor_address=/mnt/azureml/cr/j/796fa47508a846b8ac5459487410f0eb/.grpc/executor:0
2026-03-02T20:14:01.841132Z  INFO load_config_from_env:load_capability_addresses_from_env{capability_endpoints_from_config={"CS_CAPABILITY": CapabilityEndpoint { name: "CS_CAPABILITY", address: "/mnt/azureml/cr/j/796fa47508a846b8ac5459487410f0eb/.grpc/cs-capability:0", type: Service }, "DATA_CAPABILITY": CapabilityEndpoint { name: "DATA_CAPABILITY", address: "/mnt/azureml/cr/j/796fa47508a846b8ac5459487410f0eb/.grpc/data-capability:0", type: Service }, "HOSTTOOLS_CAPABILITY": CapabilityEndpoint { name: "HOSTTOOLS_CAPABILITY", address: "/mnt/azureml/cr/j/796fa47508a846b8ac5459487410f0eb/.grpc/hosttools-capability:0", type: Service }, "METRICS_CAPABILITY": CapabilityEndpoint { name: "METRICS_CAPABILITY", address: "/mnt/azureml/cr/j/796fa47508a846b8ac5459487410f0eb/.grpc/metrics-capability:0", type: Service }, "SNAPSHOT_CAPABILITY": CapabilityEndpoint { name: "SNAPSHOT_CAPABILITY", address: "/mnt/azureml/cr/j/796fa47508a846b8ac5459487410f0eb/.grpc/snapshot-capability:0", type: Service }}}: lifecycler::config: close time.busy=178µs time.idle=12.3µs
2026-03-02T20:14:01.841169Z  INFO load_config_from_env: lifecycler::config: close time.busy=410µs time.idle=13.4µs
2026-03-02T20:14:01.841209Z  INFO run_lifecycler:run_service_and_step_through_lifecycle: lifecycler::lifecycle: distributed config is not specified, skip setting up distributed barrier
2026-03-02T20:14:01.841266Z  INFO run_lifecycler:run_service_and_step_through_lifecycle: lifecycler::lifecycle: Trying to configure lifecycler to ignore termination signals
2026-03-02T20:14:01.841301Z  INFO run_lifecycler:run_service_and_step_through_lifecycle: cr_core: Successfully configured current process to ignore termination signals
2026-03-02T20:14:01.841494Z  INFO run_lifecycler:run_service_and_step_through_lifecycle:step_through_lifecycle:connect_capabilities:connect: grpc_utils::endpoint::connect: Connecting to gRPC service endpoint=Uds("/mnt/azureml/cr/j/796fa47508a846b8ac5459487410f0eb/.grpc/cs-capability:0") retry=FixedIntervalRetry { attempt_timeout_millis: 50, retry_delay_millis: 10, max_duration: 7200s }
2026-03-02T20:14:01.841548Z  INFO Lifecycler::run_service{lifecycler_abort_state_writer=Some(LifecyclerAbortStateWriter { lifecycler_wd: "/mnt/azureml/cr/j/796fa47508a846b8ac5459487410f0eb/cap/lifecycler/wd" })}: lifecycler::service: serving lifecycle service address=/mnt/azureml/cr/j/796fa47508a846b8ac5459487410f0eb/.grpc/lifecycler:0
2026-03-02T20:14:01.842071Z  INFO Lifecycler::run_service{lifecycler_abort_state_writer=Some(LifecyclerAbortStateWriter { lifecycler_wd: "/mnt/azureml/cr/j/796fa47508a846b8ac5459487410f0eb/cap/lifecycler/wd" })}:serve_more: grpc_utils::endpoint::serve: serving gRPC service endpoint=Uds("/mnt/azureml/cr/j/796fa47508a846b8ac5459487410f0eb/.grpc/lifecycler:0") retry=ExponentialBackoffRetry { retry_delay_secs: 2, delay_factor: 1000, num_retries: 3 }
2026-03-02T20:14:33.446779Z  INFO run_lifecycler:run_service_and_step_through_lifecycle:step_through_lifecycle:connect_capabilities:connect: grpc_utils::endpoint::connect: Successfully connected to gRPC service endpoint=Uds("/mnt/azureml/cr/j/796fa47508a846b8ac5459487410f0eb/.grpc/cs-capability:0")
2026-03-02T20:14:33.446836Z  INFO run_lifecycler:run_service_and_step_through_lifecycle:step_through_lifecycle:connect_capabilities:connect: grpc_utils::endpoint::connect: close time.busy=128ms time.idle=31.5s
2026-03-02T20:14:33.447052Z  INFO run_lifecycler:run_service_and_step_through_lifecycle:step_through_lifecycle:connect_capabilities:connect: grpc_utils::endpoint::connect: Connecting to gRPC service endpoint=Uds("/mnt/azureml/cr/j/796fa47508a846b8ac5459487410f0eb/.grpc/cs-capability:0") retry=FixedIntervalRetry { attempt_timeout_millis: 50, retry_delay_millis: 10, max_duration: 7200s }
2026-03-02T20:14:33.447217Z  INFO run_lifecycler:run_service_and_step_through_lifecycle:step_through_lifecycle:connect_capabilities:connect: grpc_utils::endpoint::connect: Successfully connected to gRPC service endpoint=Uds("/mnt/azureml/cr/j/796fa47508a846b8ac5459487410f0eb/.grpc/cs-capability:0")
2026-03-02T20:14:33.447328Z  INFO run_lifecycler:run_service_and_step_through_lifecycle:step_through_lifecycle:connect_capabilities:connect: grpc_utils::endpoint::connect: close time.busy=260µs time.idle=22.8µs
2026-03-02T20:14:33.447580Z  INFO run_lifecycler:run_service_and_step_through_lifecycle:step_through_lifecycle:connect_capabilities:wait_for_service_healthy: lifecycler::health_monitor: Waiting for service to become healthy: CS_CAPABILITY service_name=CS_CAPABILITY timeout=30s
2026-03-02T20:14:33.447624Z  WARN run_lifecycler:run_service_and_step_through_lifecycle:step_through_lifecycle:connect_capabilities:wait_for_service_healthy: grpc_utils::span: failed to inject span context to grpc request
2026-03-02T20:14:33.449216Z  INFO run_lifecycler:run_service_and_step_through_lifecycle:step_through_lifecycle:connect_capabilities:wait_for_service_healthy: lifecycler::health_client: Health status for service: CS_CAPABILITY service_name=CS_CAPABILITY health_status=1
2026-03-02T20:14:33.449297Z  INFO run_lifecycler:run_service_and_step_through_lifecycle:step_through_lifecycle:connect_capabilities:wait_for_service_healthy: lifecycler::health_monitor: Service has become healthy service_name=CS_CAPABILITY
2026-03-02T20:14:33.449316Z  INFO run_lifecycler:run_service_and_step_through_lifecycle:step_through_lifecycle:connect_capabilities:wait_for_service_healthy: lifecycler::health_monitor: close time.busy=237µs time.idle=1.50ms
2026-03-02T20:14:33.449403Z  INFO run_lifecycler:run_service_and_step_through_lifecycle:step_through_lifecycle:connect_capabilities:connect: grpc_utils::endpoint::connect: Connecting to gRPC service endpoint=Uds("/mnt/azureml/cr/j/796fa47508a846b8ac5459487410f0eb/.grpc/data-capability:0") retry=FixedIntervalRetry { attempt_timeout_millis: 50, retry_delay_millis: 10, max_duration: 7200s }
2026-03-02T20:15:10.998594Z  INFO run_lifecycler:run_service_and_step_through_lifecycle:step_through_lifecycle:connect_capabilities:connect: grpc_utils::endpoint::connect: Successfully connected to gRPC service endpoint=Uds("/mnt/azureml/cr/j/796fa47508a846b8ac5459487410f0eb/.grpc/data-capability:0")
2026-03-02T20:15:10.998649Z  INFO run_lifecycler:run_service_and_step_through_lifecycle:step_through_lifecycle:connect_capabilities:connect: grpc_utils::endpoint::connect: close time.busy=131ms time.idle=37.4s
2026-03-02T20:15:10.998773Z  INFO run_lifecycler:run_service_and_step_through_lifecycle:step_through_lifecycle:connect_capabilities:connect: grpc_utils::endpoint::connect: Connecting to gRPC service endpoint=Uds("/mnt/azureml/cr/j/796fa47508a846b8ac5459487410f0eb/.grpc/data-capability:0") retry=FixedIntervalRetry { attempt_timeout_millis: 50, retry_delay_millis: 10, max_duration: 7200s }
2026-03-02T20:15:10.998939Z  INFO run_lifecycler:run_service_and_step_through_lifecycle:step_through_lifecycle:connect_capabilities:connect: grpc_utils::endpoint::connect: Successfully connected to gRPC service endpoint=Uds("/mnt/azureml/cr/j/796fa47508a846b8ac5459487410f0eb/.grpc/data-capability:0")
2026-03-02T20:15:10.998966Z  INFO run_lifecycler:run_service_and_step_through_lifecycle:step_through_lifecycle:connect_capabilities:connect: grpc_utils::endpoint::connect: close time.busy=133µs time.idle=64.9µs
2026-03-02T20:15:10.999000Z  INFO run_lifecycler:run_service_and_step_through_lifecycle:step_through_lifecycle:connect_capabilities:wait_for_service_healthy: lifecycler::health_monitor: Waiting for service to become healthy: DATA_CAPABILITY service_name=DATA_CAPABILITY timeout=30s
2026-03-02T20:15:10.999025Z  WARN run_lifecycler:run_service_and_step_through_lifecycle:step_through_lifecycle:connect_capabilities:wait_for_service_healthy: grpc_utils::span: failed to inject span context to grpc request
2026-03-02T20:15:11.000149Z  INFO run_lifecycler:run_service_and_step_through_lifecycle:step_through_lifecycle:connect_capabilities:wait_for_service_healthy: lifecycler::health_client: Health status for service: DATA_CAPABILITY service_name=DATA_CAPABILITY health_status=1
2026-03-02T20:15:11.000186Z  INFO run_lifecycler:run_service_and_step_through_lifecycle:step_through_lifecycle:connect_capabilities:wait_for_service_healthy: lifecycler::health_monitor: Service has become healthy service_name=DATA_CAPABILITY
2026-03-02T20:15:11.000209Z  INFO run_lifecycler:run_service_and_step_through_lifecycle:step_through_lifecycle:connect_capabilities:wait_for_service_healthy: lifecycler::health_monitor: close time.busy=157µs time.idle=1.05ms
2026-03-02T20:15:11.000301Z  INFO run_lifecycler:run_service_and_step_through_lifecycle:step_through_lifecycle:connect_capabilities:connect: grpc_utils::endpoint::connect: Connecting to gRPC service endpoint=Uds("/mnt/azureml/cr/j/796fa47508a846b8ac5459487410f0eb/.grpc/hosttools-capability:0") retry=FixedIntervalRetry { attempt_timeout_millis: 50, retry_delay_millis: 10, max_duration: 7200s }
2026-03-02T20:15:11.000508Z  INFO run_lifecycler:run_service_and_step_through_lifecycle:step_through_lifecycle:connect_capabilities:connect: grpc_utils::endpoint::connect: Successfully connected to gRPC service endpoint=Uds("/mnt/azureml/cr/j/796fa47508a846b8ac5459487410f0eb/.grpc/hosttools-capability:0")
2026-03-02T20:15:11.000536Z  INFO run_lifecycler:run_service_and_step_through_lifecycle:step_through_lifecycle:connect_capabilities:connect: grpc_utils::endpoint::connect: close time.busy=139µs time.idle=99.3µs
2026-03-02T20:15:11.000616Z  INFO run_lifecycler:run_service_and_step_through_lifecycle:step_through_lifecycle:connect_capabilities:connect: grpc_utils::endpoint::connect: Connecting to gRPC service endpoint=Uds("/mnt/azureml/cr/j/796fa47508a846b8ac5459487410f0eb/.grpc/hosttools-capability:0") retry=FixedIntervalRetry { attempt_timeout_millis: 50, retry_delay_millis: 10, max_duration: 7200s }
2026-03-02T20:15:11.000934Z  INFO run_lifecycler:run_service_and_step_through_lifecycle:step_through_lifecycle:connect_capabilities:connect: grpc_utils::endpoint::connect: Successfully connected to gRPC service endpoint=Uds("/mnt/azureml/cr/j/796fa47508a846b8ac5459487410f0eb/.grpc/hosttools-capability:0")
2026-03-02T20:15:11.000968Z  INFO run_lifecycler:run_service_and_step_through_lifecycle:step_through_lifecycle:connect_capabilities:connect: grpc_utils::endpoint::connect: close time.busy=131µs time.idle=224µs
2026-03-02T20:15:11.001001Z  INFO run_lifecycler:run_service_and_step_through_lifecycle:step_through_lifecycle:connect_capabilities:wait_for_service_healthy: lifecycler::health_monitor: Waiting for service to become healthy: HOSTTOOLS_CAPABILITY service_name=HOSTTOOLS_CAPABILITY timeout=30s
2026-03-02T20:15:11.001026Z  WARN run_lifecycler:run_service_and_step_through_lifecycle:step_through_lifecycle:connect_capabilities:wait_for_service_healthy: grpc_utils::span: failed to inject span context to grpc request
2026-03-02T20:15:11.001479Z  INFO run_lifecycler:run_service_and_step_through_lifecycle:step_through_lifecycle:connect_capabilities:wait_for_service_healthy: lifecycler::health_client: Health status for service: HOSTTOOLS_CAPABILITY service_name=HOSTTOOLS_CAPABILITY health_status=1
2026-03-02T20:15:11.001507Z  INFO run_lifecycler:run_service_and_step_through_lifecycle:step_through_lifecycle:connect_capabilities:wait_for_service_healthy: lifecycler::health_monitor: Service has become healthy service_name=HOSTTOOLS_CAPABILITY
2026-03-02T20:15:11.001527Z  INFO run_lifecycler:run_service_and_step_through_lifecycle:step_through_lifecycle:connect_capabilities:wait_for_service_healthy: lifecycler::health_monitor: close time.busy=136µs time.idle=408µs
2026-03-02T20:15:11.001626Z  INFO run_lifecycler:run_service_and_step_through_lifecycle:step_through_lifecycle:connect_capabilities:connect: grpc_utils::endpoint::connect: Connecting to gRPC service endpoint=Uds("/mnt/azureml/cr/j/796fa47508a846b8ac5459487410f0eb/.grpc/metrics-capability:0") retry=FixedIntervalRetry { attempt_timeout_millis: 50, retry_delay_millis: 10, max_duration: 7200s }
2026-03-02T20:15:11.001781Z  INFO run_lifecycler:run_service_and_step_through_lifecycle:step_through_lifecycle:connect_capabilities:connect: grpc_utils::endpoint::connect: Successfully connected to gRPC service endpoint=Uds("/mnt/azureml/cr/j/796fa47508a846b8ac5459487410f0eb/.grpc/metrics-capability:0")
2026-03-02T20:15:11.001806Z  INFO run_lifecycler:run_service_and_step_through_lifecycle:step_through_lifecycle:connect_capabilities:connect: grpc_utils::endpoint::connect: close time.busy=141µs time.idle=42.7µs
2026-03-02T20:15:11.001880Z  INFO run_lifecycler:run_service_and_step_through_lifecycle:step_through_lifecycle:connect_capabilities:connect: grpc_utils::endpoint::connect: Connecting to gRPC service endpoint=Uds("/mnt/azureml/cr/j/796fa47508a846b8ac5459487410f0eb/.grpc/metrics-capability:0") retry=FixedIntervalRetry { attempt_timeout_millis: 50, retry_delay_millis: 10, max_duration: 7200s }
2026-03-02T20:15:11.002054Z  INFO run_lifecycler:run_service_and_step_through_lifecycle:step_through_lifecycle:connect_capabilities:connect: grpc_utils::endpoint::connect: Successfully connected to gRPC service endpoint=Uds("/mnt/azureml/cr/j/796fa47508a846b8ac5459487410f0eb/.grpc/metrics-capability:0")
2026-03-02T20:15:11.002103Z  INFO run_lifecycler:run_service_and_step_through_lifecycle:step_through_lifecycle:connect_capabilities:connect: grpc_utils::endpoint::connect: close time.busy=145µs time.idle=80.2µs
2026-03-02T20:15:11.002118Z  INFO run_lifecycler:run_service_and_step_through_lifecycle:step_through_lifecycle:connect_capabilities:wait_for_service_healthy: lifecycler::health_monitor: Waiting for service to become healthy: METRICS_CAPABILITY service_name=METRICS_CAPABILITY timeout=30s
2026-03-02T20:15:11.002150Z  WARN run_lifecycler:run_service_and_step_through_lifecycle:step_through_lifecycle:connect_capabilities:wait_for_service_healthy: grpc_utils::span: failed to inject span context to grpc request
2026-03-02T20:15:11.002542Z  INFO run_lifecycler:run_service_and_step_through_lifecycle:step_through_lifecycle:connect_capabilities:wait_for_service_healthy: lifecycler::health_client: Health status for service: METRICS_CAPABILITY service_name=METRICS_CAPABILITY health_status=1
2026-03-02T20:15:11.002587Z  INFO run_lifecycler:run_service_and_step_through_lifecycle:step_through_lifecycle:connect_capabilities:wait_for_service_healthy: lifecycler::health_monitor: Service has become healthy service_name=METRICS_CAPABILITY
2026-03-02T20:15:11.002610Z  INFO run_lifecycler:run_service_and_step_through_lifecycle:step_through_lifecycle:connect_capabilities:wait_for_service_healthy: lifecycler::health_monitor: close time.busy=160µs time.idle=335µs
2026-03-02T20:15:11.002688Z  INFO run_lifecycler:run_service_and_step_through_lifecycle:step_through_lifecycle:connect_capabilities:connect: grpc_utils::endpoint::connect: Connecting to gRPC service endpoint=Uds("/mnt/azureml/cr/j/796fa47508a846b8ac5459487410f0eb/.grpc/snapshot-capability:0") retry=FixedIntervalRetry { attempt_timeout_millis: 50, retry_delay_millis: 10, max_duration: 7200s }
2026-03-02T20:15:11.002895Z  INFO run_lifecycler:run_service_and_step_through_lifecycle:step_through_lifecycle:connect_capabilities:connect: grpc_utils::endpoint::connect: Successfully connected to gRPC service endpoint=Uds("/mnt/azureml/cr/j/796fa47508a846b8ac5459487410f0eb/.grpc/snapshot-capability:0")
2026-03-02T20:15:11.002939Z  INFO run_lifecycler:run_service_and_step_through_lifecycle:step_through_lifecycle:connect_capabilities:connect: grpc_utils::endpoint::connect: close time.busy=171µs time.idle=82.7µs
2026-03-02T20:15:11.003032Z  INFO run_lifecycler:run_service_and_step_through_lifecycle:step_through_lifecycle:connect_capabilities:connect: grpc_utils::endpoint::connect: Connecting to gRPC service endpoint=Uds("/mnt/azureml/cr/j/796fa47508a846b8ac5459487410f0eb/.grpc/snapshot-capability:0") retry=FixedIntervalRetry { attempt_timeout_millis: 50, retry_delay_millis: 10, max_duration: 7200s }
2026-03-02T20:15:11.003288Z  INFO run_lifecycler:run_service_and_step_through_lifecycle:step_through_lifecycle:connect_capabilities:connect: grpc_utils::endpoint::connect: Successfully connected to gRPC service endpoint=Uds("/mnt/azureml/cr/j/796fa47508a846b8ac5459487410f0eb/.grpc/snapshot-capability:0")
2026-03-02T20:15:11.003353Z  INFO run_lifecycler:run_service_and_step_through_lifecycle:step_through_lifecycle:connect_capabilities:connect: grpc_utils::endpoint::connect: close time.busy=240µs time.idle=84.0µs
2026-03-02T20:15:11.003372Z  INFO run_lifecycler:run_service_and_step_through_lifecycle:step_through_lifecycle:connect_capabilities:wait_for_service_healthy: lifecycler::health_monitor: Waiting for service to become healthy: SNAPSHOT_CAPABILITY service_name=SNAPSHOT_CAPABILITY timeout=30s
2026-03-02T20:15:11.003463Z  WARN run_lifecycler:run_service_and_step_through_lifecycle:step_through_lifecycle:connect_capabilities:wait_for_service_healthy: grpc_utils::span: failed to inject span context to grpc request
2026-03-02T20:15:11.003889Z  INFO run_lifecycler:run_service_and_step_through_lifecycle:step_through_lifecycle:connect_capabilities:wait_for_service_healthy: lifecycler::health_client: Health status for service: SNAPSHOT_CAPABILITY service_name=SNAPSHOT_CAPABILITY health_status=1
2026-03-02T20:15:11.003948Z  INFO run_lifecycler:run_service_and_step_through_lifecycle:step_through_lifecycle:connect_capabilities:wait_for_service_healthy: lifecycler::health_monitor: Service has become healthy service_name=SNAPSHOT_CAPABILITY
2026-03-02T20:15:11.004026Z  INFO run_lifecycler:run_service_and_step_through_lifecycle:step_through_lifecycle:connect_capabilities:wait_for_service_healthy: lifecycler::health_monitor: close time.busy=341µs time.idle=315µs
2026-03-02T20:15:11.004060Z  INFO run_lifecycler:run_service_and_step_through_lifecycle:step_through_lifecycle:connect_capabilities: lifecycler::lifecycle: close time.busy=280ms time.idle=68.9s
2026-03-02T20:15:11.004097Z  WARN run_lifecycler:run_service_and_step_through_lifecycle:step_through_lifecycle:start_capabilities:start{name="CS_CAPABILITY"}: grpc_utils::span: failed to inject span context to grpc request
2026-03-02T20:15:11.004101Z  WARN grpc_utils::span: failed to inject span context to grpc request
2026-03-02T20:15:11.004208Z  WARN grpc_utils::span: failed to inject span context to grpc request
2026-03-02T20:15:11.004209Z  WARN run_lifecycler:run_service_and_step_through_lifecycle:step_through_lifecycle:start_capabilities:start{name="DATA_CAPABILITY"}: grpc_utils::span: failed to inject span context to grpc request
2026-03-02T20:15:11.004240Z  WARN grpc_utils::span: failed to inject span context to grpc request
2026-03-02T20:15:11.004257Z  WARN grpc_utils::span: failed to inject span context to grpc request
2026-03-02T20:15:11.004268Z  WARN grpc_utils::span: failed to inject span context to grpc request
2026-03-02T20:15:11.004369Z  WARN run_lifecycler:run_service_and_step_through_lifecycle:step_through_lifecycle:start_capabilities:start{name="HOSTTOOLS_CAPABILITY"}: grpc_utils::span: failed to inject span context to grpc request
2026-03-02T20:15:11.004486Z  WARN run_lifecycler:run_service_and_step_through_lifecycle:step_through_lifecycle:start_capabilities:start{name="METRICS_CAPABILITY"}: grpc_utils::span: failed to inject span context to grpc request
2026-03-02T20:15:11.004515Z  WARN run_lifecycler:run_service_and_step_through_lifecycle:step_through_lifecycle:start_capabilities:start{name="SNAPSHOT_CAPABILITY"}: grpc_utils::span: failed to inject span context to grpc request
2026-03-02T20:15:11.005677Z  INFO run_lifecycler:run_service_and_step_through_lifecycle:step_through_lifecycle:start_capabilities:start{name="HOSTTOOLS_CAPABILITY"}: lifecycler::capability_client: Received success code for start cap_name=HOSTTOOLS_CAPABILITY
2026-03-02T20:15:11.005860Z  INFO run_lifecycler:run_service_and_step_through_lifecycle:step_through_lifecycle:start_capabilities:start{name="HOSTTOOLS_CAPABILITY"}: lifecycler::capability_client: close time.busy=263µs time.idle=1.23ms
2026-03-02T20:15:11.005896Z  INFO run_lifecycler:run_service_and_step_through_lifecycle:step_through_lifecycle:start_capabilities:start{name="METRICS_CAPABILITY"}: lifecycler::capability_client: Received success code for start cap_name=METRICS_CAPABILITY
2026-03-02T20:15:11.006174Z  INFO run_lifecycler:run_service_and_step_through_lifecycle:step_through_lifecycle:start_capabilities:start{name="METRICS_CAPABILITY"}: lifecycler::capability_client: close time.busy=317µs time.idle=1.37ms
2026-03-02T20:15:11.045390Z  INFO run_lifecycler:run_service_and_step_through_lifecycle:step_through_lifecycle:start_capabilities:start{name="CS_CAPABILITY"}: lifecycler::capability_client: Received success code for start cap_name=CS_CAPABILITY
2026-03-02T20:15:11.045550Z  INFO run_lifecycler:run_service_and_step_through_lifecycle:step_through_lifecycle:start_capabilities:start{name="CS_CAPABILITY"}: lifecycler::capability_client: close time.busy=226µs time.idle=41.2ms
2026-03-02T20:15:11.385856Z  INFO run_lifecycler:run_service_and_step_through_lifecycle:step_through_lifecycle:start_capabilities:start{name="SNAPSHOT_CAPABILITY"}: lifecycler::capability_client: Received success code for start cap_name=SNAPSHOT_CAPABILITY
2026-03-02T20:15:11.386022Z  INFO run_lifecycler:run_service_and_step_through_lifecycle:step_through_lifecycle:start_capabilities:start{name="SNAPSHOT_CAPABILITY"}: lifecycler::capability_client: close time.busy=533µs time.idle=381ms
2026-03-02T20:15:16.140854Z  INFO run_lifecycler:run_service_and_step_through_lifecycle:step_through_lifecycle:start_capabilities:start{name="DATA_CAPABILITY"}: lifecycler::capability_client: Received success code for start cap_name=DATA_CAPABILITY
2026-03-02T20:15:16.140933Z  INFO run_lifecycler:run_service_and_step_through_lifecycle:step_through_lifecycle:start_capabilities:start{name="DATA_CAPABILITY"}: lifecycler::capability_client: close time.busy=346µs time.idle=5.14s
2026-03-02T20:15:16.140976Z  INFO run_lifecycler:run_service_and_step_through_lifecycle:step_through_lifecycle:start_capabilities: lifecycler::lifecycle: close time.busy=2.00ms time.idle=5.13s
2026-03-02T20:15:16.141025Z  INFO run_lifecycler:run_service_and_step_through_lifecycle:step_through_lifecycle:exit_capabilities{cap_type=Operation job_result=JobResult { job_status: Succeeded, error: None }}: lifecycler::lifecycle: close time.busy=2.70µs time.idle=8.30µs
2026-03-02T20:15:16.141038Z  INFO run_lifecycler:run_service_and_step_through_lifecycle:step_through_lifecycle: lifecycler::lifecycle: exited operation caps: true
2026-03-02T20:15:16.141154Z  INFO run_lifecycler:run_service_and_step_through_lifecycle:step_through_lifecycle:connect_executor:connect:connect: grpc_utils::endpoint::connect: Connecting to gRPC service endpoint=Uds("/mnt/azureml/cr/j/796fa47508a846b8ac5459487410f0eb/.grpc/executor:0") retry=FixedIntervalRetry { attempt_timeout_millis: 50, retry_delay_millis: 10, max_duration: 7200s }
2026-03-02T20:15:16.141377Z  INFO run_lifecycler:run_service_and_step_through_lifecycle:step_through_lifecycle:connect_executor:connect:connect: grpc_utils::endpoint::connect: Successfully connected to gRPC service endpoint=Uds("/mnt/azureml/cr/j/796fa47508a846b8ac5459487410f0eb/.grpc/executor:0")
2026-03-02T20:15:16.141417Z  INFO run_lifecycler:run_service_and_step_through_lifecycle:step_through_lifecycle:connect_executor:connect:connect: grpc_utils::endpoint::connect: close time.busy=208µs time.idle=57.5µs
2026-03-02T20:15:16.141431Z  INFO run_lifecycler:run_service_and_step_through_lifecycle:step_through_lifecycle:connect_executor:connect: lifecycler::executor_client: close time.busy=309µs time.idle=55.3µs
2026-03-02T20:15:16.141504Z  INFO run_lifecycler:run_service_and_step_through_lifecycle:step_through_lifecycle:connect_executor:connect:connect: grpc_utils::endpoint::connect: Connecting to gRPC service endpoint=Uds("/mnt/azureml/cr/j/796fa47508a846b8ac5459487410f0eb/.grpc/executor:0") retry=FixedIntervalRetry { attempt_timeout_millis: 50, retry_delay_millis: 10, max_duration: 7200s }
2026-03-02T20:15:16.141764Z  INFO run_lifecycler:run_service_and_step_through_lifecycle:step_through_lifecycle:connect_executor:connect:connect: grpc_utils::endpoint::connect: Successfully connected to gRPC service endpoint=Uds("/mnt/azureml/cr/j/796fa47508a846b8ac5459487410f0eb/.grpc/executor:0")
2026-03-02T20:15:16.141802Z  INFO run_lifecycler:run_service_and_step_through_lifecycle:step_through_lifecycle:connect_executor:connect:connect: grpc_utils::endpoint::connect: close time.busy=148µs time.idle=151µs
2026-03-02T20:15:16.141814Z  INFO run_lifecycler:run_service_and_step_through_lifecycle:step_through_lifecycle:connect_executor:connect: lifecycler::executor_client: close time.busy=227µs time.idle=150µs
2026-03-02T20:15:16.141881Z  INFO run_lifecycler:run_service_and_step_through_lifecycle:step_through_lifecycle:connect_executor:connect: grpc_utils::endpoint::connect: Connecting to gRPC service endpoint=Uds("/mnt/azureml/cr/j/796fa47508a846b8ac5459487410f0eb/.grpc/executor:0") retry=FixedIntervalRetry { attempt_timeout_millis: 50, retry_delay_millis: 10, max_duration: 7200s }
2026-03-02T20:15:16.142057Z  INFO run_lifecycler:run_service_and_step_through_lifecycle:step_through_lifecycle:connect_executor:connect: grpc_utils::endpoint::connect: Successfully connected to gRPC service endpoint=Uds("/mnt/azureml/cr/j/796fa47508a846b8ac5459487410f0eb/.grpc/executor:0")
2026-03-02T20:15:16.142084Z  INFO run_lifecycler:run_service_and_step_through_lifecycle:step_through_lifecycle:connect_executor:connect: grpc_utils::endpoint::connect: close time.busy=135µs time.idle=71.7µs
2026-03-02T20:15:16.142100Z  INFO run_lifecycler:run_service_and_step_through_lifecycle:step_through_lifecycle:connect_executor:wait_for_service_healthy: lifecycler::health_monitor: Waiting for service to become healthy: Executor service_name=Executor timeout=30s
2026-03-02T20:15:16.142123Z  WARN run_lifecycler:run_service_and_step_through_lifecycle:step_through_lifecycle:connect_executor:wait_for_service_healthy: grpc_utils::span: failed to inject span context to grpc request
2026-03-02T20:15:16.142520Z  INFO run_lifecycler:run_service_and_step_through_lifecycle:step_through_lifecycle:connect_executor:wait_for_service_healthy: lifecycler::health_client: Health status for service: Executor service_name=Executor health_status=1
2026-03-02T20:15:16.142574Z  INFO run_lifecycler:run_service_and_step_through_lifecycle:step_through_lifecycle:connect_executor:wait_for_service_healthy: lifecycler::health_monitor: Service has become healthy service_name=Executor
2026-03-02T20:15:16.142595Z  INFO run_lifecycler:run_service_and_step_through_lifecycle:step_through_lifecycle:connect_executor:wait_for_service_healthy: lifecycler::health_monitor: close time.busy=167µs time.idle=332µs
2026-03-02T20:15:16.142611Z  INFO run_lifecycler:run_service_and_step_through_lifecycle:step_through_lifecycle:connect_executor: lifecycler::lifecycle: close time.busy=946µs time.idle=606µs
2026-03-02T20:15:16.142626Z  INFO run_lifecycler:run_service_and_step_through_lifecycle:step_through_lifecycle:connect_lifecyclers{lifecycler_addresses=None}: lifecycler::lifecycle: close time.busy=800ns time.idle=3.60µs
2026-03-02T20:15:16.142670Z  INFO run_lifecycler:run_service_and_step_through_lifecycle:step_through_lifecycle:execute: lifecycler::lifecycle: entering phase rank=None phase=0 is_leader=true entered_phases=false
2026-03-02T20:15:16.142703Z  INFO run_lifecycler:run_service_and_step_through_lifecycle:step_through_lifecycle:execute:barrier_sync: lifecycler::lifecycle: close time.busy=600ns time.idle=2.20µs
2026-03-02T20:15:16.142762Z  INFO run_lifecycler:run_service_and_step_through_lifecycle:step_through_lifecycle:execute: lifecycler::lifecycle: Successfully got AzureML Context from environment, updating Run History with new run attempt
2026-03-02T20:15:16.142785Z  WARN run_lifecycler:run_service_and_step_through_lifecycle:step_through_lifecycle:execute: lifecycler::lifecycle: Skip updating run_attempt since cannot find AZUREML_CR_ENABLE_RUN_ATTEMPT_COUNT_BY_RUN_HISTORY from environment
2026-03-02T20:15:16.142824Z  INFO run_lifecycler:run_service_and_step_through_lifecycle:step_through_lifecycle:execute: lifecycler::lifecycle: starting phase execution rank=None phase=0
2026-03-02T20:15:16.142844Z  INFO run_lifecycler:run_service_and_step_through_lifecycle:step_through_lifecycle:execute: lifecycler::lifecycle: executing phase commands rank=None phase=0
2026-03-02T20:15:16.142871Z  INFO run_lifecycler:run_service_and_step_through_lifecycle:step_through_lifecycle:execute:executor_client::execute_commands{lifecycle_address="/mnt/azureml/cr/j/796fa47508a846b8ac5459487410f0eb/.grpc/lifecycler:0" scheduling=None debug_mode=Some(false)}: lifecycler::executor_client: Executing commands
2026-03-02T20:15:16.142923Z  WARN run_lifecycler:run_service_and_step_through_lifecycle:step_through_lifecycle:execute:executor_client::execute_commands{lifecycle_address="/mnt/azureml/cr/j/796fa47508a846b8ac5459487410f0eb/.grpc/lifecycler:0" scheduling=None debug_mode=Some(false)}:executor_client::start_execution{lifecycler_address="/mnt/azureml/cr/j/796fa47508a846b8ac5459487410f0eb/.grpc/lifecycler:0" debug_mode=Some(false) commands_f=Command(Command { executable: Shell { path: None, command: "python merge.py --length $AZUREML_DATAREFERENCE_length --sentiment $AZUREML_DATAREFERENCE_sentiment --tfidf $AZUREML_DATAREFERENCE_tfidf --sbert $AZUREML_DATAREFERENCE_sbert --out $AZURE_ML_OUTPUT_out\n", success_return_code: Zero { additional_codes: [] } }, stderr: None, stdout: Some("user_logs/std_log.txt") }) path_mappings_f={}}: grpc_utils::span: failed to inject span context to grpc request
2026-03-02T20:15:16.142944Z  INFO run_lifecycler:run_service_and_step_through_lifecycle:step_through_lifecycle:execute:executor_client::execute_commands{lifecycle_address="/mnt/azureml/cr/j/796fa47508a846b8ac5459487410f0eb/.grpc/lifecycler:0" scheduling=None debug_mode=Some(false)}:executor_client::start_execution{lifecycler_address="/mnt/azureml/cr/j/796fa47508a846b8ac5459487410f0eb/.grpc/lifecycler:0" debug_mode=Some(false) commands_f=Command(Command { executable: Shell { path: None, command: "python merge.py --length $AZUREML_DATAREFERENCE_length --sentiment $AZUREML_DATAREFERENCE_sentiment --tfidf $AZUREML_DATAREFERENCE_tfidf --sbert $AZUREML_DATAREFERENCE_sbert --out $AZURE_ML_OUTPUT_out\n", success_return_code: Zero { additional_codes: [] } }, stderr: None, stdout: Some("user_logs/std_log.txt") }) path_mappings_f={}}: lifecycler::executor_client: Starting execution execution_id=da5f94aa-5865-4e28-90d6-d4f1bbe53e9f lifecycler_address=/mnt/azureml/cr/j/796fa47508a846b8ac5459487410f0eb/.grpc/lifecycler:0
2026-03-02T20:15:16.148134Z  INFO run_lifecycler:run_service_and_step_through_lifecycle:step_through_lifecycle:execute:executor_client::execute_commands{lifecycle_address="/mnt/azureml/cr/j/796fa47508a846b8ac5459487410f0eb/.grpc/lifecycler:0" scheduling=None debug_mode=Some(false)}:executor_client::start_execution{lifecycler_address="/mnt/azureml/cr/j/796fa47508a846b8ac5459487410f0eb/.grpc/lifecycler:0" debug_mode=Some(false) commands_f=Command(Command { executable: Shell { path: None, command: "python merge.py --length $AZUREML_DATAREFERENCE_length --sentiment $AZUREML_DATAREFERENCE_sentiment --tfidf $AZUREML_DATAREFERENCE_tfidf --sbert $AZUREML_DATAREFERENCE_sbert --out $AZURE_ML_OUTPUT_out\n", success_return_code: Zero { additional_codes: [] } }, stderr: None, stdout: Some("user_logs/std_log.txt") }) path_mappings_f={}}: lifecycler::executor_client: close time.busy=123µs time.idle=5.11ms
2026-03-02T20:15:16.148161Z  INFO run_lifecycler:run_service_and_step_through_lifecycle:step_through_lifecycle:execute:executor_client::execute_commands{lifecycle_address="/mnt/azureml/cr/j/796fa47508a846b8ac5459487410f0eb/.grpc/lifecycler:0" scheduling=None debug_mode=Some(false)}: lifecycler::executor_client: Waiting for execution completion execution_id="da5f94aa-5865-4e28-90d6-d4f1bbe53e9f"
2026-03-02T20:15:17.152921Z  INFO ExecutionCallbackServicer::complete_execution: grpc_utils::server: Got grpc request request_name="complete_execution" remote_addr=None
2026-03-02T20:15:17.153012Z  INFO ExecutionCallbackServicer::complete_execution: lifecycler::service: close time.busy=97.3µs time.idle=14.8µs
2026-03-02T20:15:17.153054Z  INFO run_lifecycler:run_service_and_step_through_lifecycle:step_through_lifecycle:execute:executor_client::execute_commands{lifecycle_address="/mnt/azureml/cr/j/796fa47508a846b8ac5459487410f0eb/.grpc/lifecycler:0" scheduling=None debug_mode=Some(false)}:executor_client::wait_for_execution_completion{execution_id="da5f94aa-5865-4e28-90d6-d4f1bbe53e9f"}: lifecycler::executor_client: close time.busy=5.70µs time.idle=1.00s
2026-03-02T20:15:17.153087Z  INFO run_lifecycler:run_service_and_step_through_lifecycle:step_through_lifecycle:execute:executor_client::execute_commands{lifecycle_address="/mnt/azureml/cr/j/796fa47508a846b8ac5459487410f0eb/.grpc/lifecycler:0" scheduling=None debug_mode=Some(false)}: lifecycler::executor_client: Execution completed execution_id="da5f94aa-5865-4e28-90d6-d4f1bbe53e9f"
2026-03-02T20:15:17.153130Z  INFO run_lifecycler:run_service_and_step_through_lifecycle:step_through_lifecycle:execute:executor_client::execute_commands{lifecycle_address="/mnt/azureml/cr/j/796fa47508a846b8ac5459487410f0eb/.grpc/lifecycler:0" scheduling=None debug_mode=Some(false)}: lifecycler::executor_client: close time.busy=316µs time.idle=1.01s
2026-03-02T20:15:17.153141Z  INFO run_lifecycler:run_service_and_step_through_lifecycle:step_through_lifecycle:execute: lifecycler::lifecycle: phase execution completed. rank=None phase=0
2026-03-02T20:15:17.153194Z  INFO run_lifecycler:run_service_and_step_through_lifecycle:step_through_lifecycle:execute: lifecycler::lifecycle: close time.busy=616µs time.idle=1.01s
2026-03-02T20:15:17.153228Z  WARN run_lifecycler:run_service_and_step_through_lifecycle:step_through_lifecycle:end_service_capabilities:end{name="CS_CAPABILITY"}: grpc_utils::span: failed to inject span context to grpc request
2026-03-02T20:15:17.153263Z  WARN run_lifecycler:run_service_and_step_through_lifecycle:step_through_lifecycle:end_service_capabilities:end{name="DATA_CAPABILITY"}: grpc_utils::span: failed to inject span context to grpc request
2026-03-02T20:15:17.153310Z  WARN run_lifecycler:run_service_and_step_through_lifecycle:step_through_lifecycle:end_service_capabilities:end{name="HOSTTOOLS_CAPABILITY"}: grpc_utils::span: failed to inject span context to grpc request
2026-03-02T20:15:17.153330Z  WARN run_lifecycler:run_service_and_step_through_lifecycle:step_through_lifecycle:end_service_capabilities:end{name="METRICS_CAPABILITY"}: grpc_utils::span: failed to inject span context to grpc request
2026-03-02T20:15:17.153347Z  WARN run_lifecycler:run_service_and_step_through_lifecycle:step_through_lifecycle:end_service_capabilities:end{name="SNAPSHOT_CAPABILITY"}: grpc_utils::span: failed to inject span context to grpc request
2026-03-02T20:15:17.154446Z  INFO run_lifecycler:run_service_and_step_through_lifecycle:step_through_lifecycle:end_service_capabilities:end{name="SNAPSHOT_CAPABILITY"}: lifecycler::capability_client: Received success code for end cap_name=SNAPSHOT_CAPABILITY
2026-03-02T20:15:17.154487Z  INFO run_lifecycler:run_service_and_step_through_lifecycle:step_through_lifecycle:end_service_capabilities:end{name="SNAPSHOT_CAPABILITY"}: lifecycler::capability_client: close time.busy=177µs time.idle=966µs
2026-03-02T20:15:17.154722Z  INFO run_lifecycler:run_service_and_step_through_lifecycle:step_through_lifecycle:end_service_capabilities:end{name="METRICS_CAPABILITY"}: lifecycler::capability_client: Received success code for end cap_name=METRICS_CAPABILITY
2026-03-02T20:15:17.154782Z  INFO run_lifecycler:run_service_and_step_through_lifecycle:step_through_lifecycle:end_service_capabilities:end{name="METRICS_CAPABILITY"}: lifecycler::capability_client: close time.busy=208µs time.idle=1.25ms
